<?xml version="1.0" encoding="UTF-8"?>
<!-- Generated by org.testng.reporters.JUnitReportReporter -->
<testsuite hostname="DESKTOP-25SBVBQ" failures="0" tests="6" name="Automation.profileon.LoginTest" time="19.211" errors="0" timestamp="2022-12-10T08:41:11 IST" skipped="0">
  <testcase classname="Automation.profileon.LoginTest" name="emptyPassword" time="7.555"/>
  <system-out/>
  <testcase classname="Automation.profileon.LoginTest" name="emptyUsername" time="1.302"/>
  <system-out/>
  <testcase classname="Automation.profileon.LoginTest" name="validUsernameWithInValidPassword" time="2.615"/>
  <system-out/>
  <testcase classname="Automation.profileon.LoginTest" name="invalidUsernameWithInValidPassword" time="2.356"/>
  <system-out/>
  <testcase classname="Automation.profileon.LoginTest" name="invalidUsernameWithValidPassword" time="2.346"/>
  <system-out/>
  <testcase classname="Automation.profileon.LoginTest" name="loginToTheSystemWithValidCredentials" time="3.037"/>
  <system-out/>
</testsuite> <!-- Automation.profileon.LoginTest -->
