<?xml version="1.0" encoding="UTF-8"?>
<!-- Generated by org.testng.reporters.JUnitReportReporter -->
<testsuite hostname="DESKTOP-25SBVBQ" failures="0" tests="3" name="Automation.OrangeHRM.PimTest" time="0.903" errors="0" timestamp="2022-12-11T12:12:02 IST" skipped="2">
  <testcase classname="Automation.OrangeHRM.PimTest" name="SrchEmployeeByNameIdStatus" time="0.903"/>
  <system-out/>
  <testcase classname="Automation.OrangeHRM.PimTest" name="SearchEmployeeByNameAndId">
    <skipped/>
  </testcase> <!-- SearchEmployeeByNameAndId -->
  <system-out/>
  <testcase classname="Automation.OrangeHRM.PimTest" name="SearchEmployeeByName">
    <skipped/>
  </testcase> <!-- SearchEmployeeByName -->
  <system-out/>
</testsuite> <!-- Automation.OrangeHRM.PimTest -->
