<?xml version="1.0" encoding="UTF-8"?>
<!-- Generated by org.testng.reporters.JUnitReportReporter -->
<testsuite hostname="LAPTOP-GSN87J73" failures="0" tests="3" name="Automation.OrangeHRM.PimTest" time="0.000" errors="0" timestamp="2022-12-24T20:36:52 IST" skipped="3">
  <testcase classname="Automation.OrangeHRM.PimTest" name="SrchEmployeeByNameIdStatus" time="0.000">
    <skipped/>
  </testcase> <!-- SrchEmployeeByNameIdStatus -->
  <system-out/>
  <testcase classname="Automation.OrangeHRM.PimTest" name="SearchEmployeeByNameAndId">
    <skipped/>
  </testcase> <!-- SearchEmployeeByNameAndId -->
  <system-out/>
  <testcase classname="Automation.OrangeHRM.PimTest" name="SearchEmployeeByName">
    <skipped/>
  </testcase> <!-- SearchEmployeeByName -->
  <system-out/>
</testsuite> <!-- Automation.OrangeHRM.PimTest -->
